<?xml version="1.0" encoding="UTF-8"?>
<testng-results skipped="0" failed="0" ignored="0" total="12" passed="12">
  <reporter-output>
    <line>
      <![CDATA[Logged in successful]]>
    </line>
    <line>
      <![CDATA[Window id is :CDwindow-AC756DAFB43432F22B2293EC0F2D46BD]]>
    </line>
    <line>
      <![CDATA[Window id is :CDwindow-367F25F509929A4557E11D3A038D998C]]>
    </line>
    <line>
      <![CDATA[Window id is :CDwindow-AC756DAFB43432F22B2293EC0F2D46BD]]>
    </line>
    <line>
      <![CDATA[Window id is :CDwindow-367F25F509929A4557E11D3A038D998C]]>
    </line>
    <line>
      <![CDATA[Window id is :CDwindow-703B2C64642455B65CDBD8A1BDFDD5BA]]>
    </line>
    <line>
      <![CDATA[Window id is :CDwindow-AC756DAFB43432F22B2293EC0F2D46BD]]>
    </line>
    <line>
      <![CDATA[Window id is :CDwindow-367F25F509929A4557E11D3A038D998C]]>
    </line>
    <line>
      <![CDATA[Window id is :CDwindow-703B2C64642455B65CDBD8A1BDFDD5BA]]>
    </line>
    <line>
      <![CDATA[Window id is :CDwindow-CC42FA2BD34275374F8A9A68A5CDE42B]]>
    </line>
    <line>
      <![CDATA[5: Number of Items in cart]]>
    </line>
    <line>
      <![CDATA[Cart Items:  ]]>
    </line>
    <line>
      <![CDATA[Women Brown & Orange Snake Printed Fanny Pack]]>
    </line>
    <line>
      <![CDATA[Set of 3 White Ceramic Flower Vase]]>
    </line>
    <line>
      <![CDATA[Women Green & Orange Floral Printed Fanny Pack]]>
    </line>
    <line>
      <![CDATA[Silver-Toned & Black Classic Century Ball Point Pen With Gift Box]]>
    </line>
    <line>
      <![CDATA[Unisex Black Caviar FP-Med Nib Fountain Pen]]>
    </line>
    <line>
      <![CDATA[ Order placed and Signed out successfully]]>
    </line>
    <line>
      <![CDATA[Invalid Credentials]]>
    </line>
    <line>
      <![CDATA[Invalid Credentials]]>
    </line>
    <line>
      <![CDATA[Invalid Credentials]]>
    </line>
    <line>
      <![CDATA[User not logged in]]>
    </line>
    <line>
      <![CDATA[User not logged in]]>
    </line>
    <line>
      <![CDATA[User not logged in]]>
    </line>
    <line>
      <![CDATA[User not loggedin]]>
    </line>
  </reporter-output>
  <suite name="MyntraSuite" duration-ms="285347" started-at="2021-05-04T13:21:18Z" finished-at="2021-05-04T13:26:04Z">
    <groups>
    </groups>
    <test name="Test" duration-ms="285347" started-at="2021-05-04T13:21:18Z" finished-at="2021-05-04T13:26:04Z">
      <class name="com.qa.testscript.TC_InvalidLogin_002">
        <test-method status="PASS" signature="SetUp(java.lang.String, java.lang.String)[pri:0, instance:com.qa.testscript.TC_InvalidLogin_002@31a5c39e]" name="SetUp" is-config="true" duration-ms="8237" started-at="2021-05-04T13:24:03Z" finished-at="2021-05-04T13:24:11Z">
          <params>
            <param index="0">
              <value>
                <![CDATA[chrome]]>
              </value>
            </param>
            <param index="1">
              <value>
                <![CDATA[https://www.myntra.com]]>
              </value>
            </param>
          </params>
          <reporter-output>
          </reporter-output>
        </test-method> <!-- SetUp -->
        <test-method status="PASS" signature="Invalidlogin(java.lang.String, java.lang.String)[pri:4, instance:com.qa.testscript.TC_InvalidLogin_002@31a5c39e]" name="Invalidlogin" duration-ms="36587" started-at="2021-05-04T13:24:12Z" data-provider="getInvalidLoginData" finished-at="2021-05-04T13:24:49Z">
          <params>
            <param index="0">
              <value>
                <![CDATA[6833212013]]>
              </value>
            </param>
            <param index="1">
              <value>
                <![CDATA[1dsdefe]]>
              </value>
            </param>
          </params>
          <reporter-output>
            <line>
              <![CDATA[Invalid Credentials]]>
            </line>
          </reporter-output>
        </test-method> <!-- Invalidlogin -->
        <test-method status="PASS" signature="Invalidlogin(java.lang.String, java.lang.String)[pri:4, instance:com.qa.testscript.TC_InvalidLogin_002@31a5c39e]" name="Invalidlogin" duration-ms="35499" started-at="2021-05-04T13:24:49Z" data-provider="getInvalidLoginData" finished-at="2021-05-04T13:25:24Z">
          <params>
            <param index="0">
              <value>
                <![CDATA[6831312013]]>
              </value>
            </param>
            <param index="1">
              <value>
                <![CDATA[**&&kjg]]>
              </value>
            </param>
          </params>
          <reporter-output>
            <line>
              <![CDATA[Invalid Credentials]]>
            </line>
          </reporter-output>
        </test-method> <!-- Invalidlogin -->
        <test-method status="PASS" signature="Invalidlogin(java.lang.String, java.lang.String)[pri:4, instance:com.qa.testscript.TC_InvalidLogin_002@31a5c39e]" name="Invalidlogin" duration-ms="34729" started-at="2021-05-04T13:25:24Z" data-provider="getInvalidLoginData" finished-at="2021-05-04T13:25:59Z">
          <params>
            <param index="0">
              <value>
                <![CDATA[6833314013]]>
              </value>
            </param>
            <param index="1">
              <value>
                <![CDATA[_*@!###]]>
              </value>
            </param>
          </params>
          <reporter-output>
            <line>
              <![CDATA[Invalid Credentials]]>
            </line>
          </reporter-output>
        </test-method> <!-- Invalidlogin -->
        <test-method status="PASS" signature="buyproduct(java.lang.String, java.lang.String)[pri:5, instance:com.qa.testscript.TC_InvalidLogin_002@31a5c39e]" name="buyproduct" duration-ms="1034" started-at="2021-05-04T13:25:59Z" data-provider="getShoppingData" finished-at="2021-05-04T13:26:00Z">
          <params>
            <param index="0">
              <value>
                <![CDATA[Pen]]>
              </value>
            </param>
            <param index="1">
              <value>
                <![CDATA[https://www.myntra.com/?src=bc]]>
              </value>
            </param>
          </params>
          <reporter-output>
            <line>
              <![CDATA[User not logged in]]>
            </line>
          </reporter-output>
        </test-method> <!-- buyproduct -->
        <test-method status="PASS" signature="buyproduct(java.lang.String, java.lang.String)[pri:5, instance:com.qa.testscript.TC_InvalidLogin_002@31a5c39e]" name="buyproduct" duration-ms="1020" started-at="2021-05-04T13:26:00Z" data-provider="getShoppingData" finished-at="2021-05-04T13:26:01Z">
          <params>
            <param index="0">
              <value>
                <![CDATA[Spice art]]>
              </value>
            </param>
            <param index="1">
              <value>
                <![CDATA[https://www.myntra.com/?src=bc]]>
              </value>
            </param>
          </params>
          <reporter-output>
            <line>
              <![CDATA[User not logged in]]>
            </line>
          </reporter-output>
        </test-method> <!-- buyproduct -->
        <test-method status="PASS" signature="buyproduct(java.lang.String, java.lang.String)[pri:5, instance:com.qa.testscript.TC_InvalidLogin_002@31a5c39e]" name="buyproduct" duration-ms="1019" started-at="2021-05-04T13:26:01Z" data-provider="getShoppingData" finished-at="2021-05-04T13:26:02Z">
          <params>
            <param index="0">
              <value>
                <![CDATA[Flower vase]]>
              </value>
            </param>
            <param index="1">
              <value>
                <![CDATA[https://www.myntra.com/?src=bc]]>
              </value>
            </param>
          </params>
          <reporter-output>
            <line>
              <![CDATA[User not logged in]]>
            </line>
          </reporter-output>
        </test-method> <!-- buyproduct -->
        <test-method status="PASS" signature="BuyProductAndSignout()[pri:6, instance:com.qa.testscript.TC_InvalidLogin_002@31a5c39e]" name="BuyProductAndSignout" duration-ms="8" started-at="2021-05-04T13:26:02Z" finished-at="2021-05-04T13:26:02Z">
          <reporter-output>
            <line>
              <![CDATA[User not loggedin]]>
            </line>
          </reporter-output>
        </test-method> <!-- BuyProductAndSignout -->
        <test-method status="PASS" signature="TearDown()[pri:0, instance:com.qa.testscript.TC_InvalidLogin_002@31a5c39e]" name="TearDown" is-config="true" duration-ms="1256" started-at="2021-05-04T13:26:02Z" finished-at="2021-05-04T13:26:04Z">
          <reporter-output>
          </reporter-output>
        </test-method> <!-- TearDown -->
      </class> <!-- com.qa.testscript.TC_InvalidLogin_002 -->
      <class name="com.qa.testscript.TC_MyntraShopping_001">
        <test-method status="PASS" signature="SetUp(java.lang.String, java.lang.String)[pri:0, instance:com.qa.testscript.TC_MyntraShopping_001@5f2108b5]" name="SetUp" is-config="true" duration-ms="9573" started-at="2021-05-04T13:21:19Z" finished-at="2021-05-04T13:21:28Z">
          <params>
            <param index="0">
              <value>
                <![CDATA[chrome]]>
              </value>
            </param>
            <param index="1">
              <value>
                <![CDATA[https://www.myntra.com]]>
              </value>
            </param>
          </params>
          <reporter-output>
          </reporter-output>
        </test-method> <!-- SetUp -->
        <test-method status="PASS" signature="getValidLoginData(java.lang.String, java.lang.String)[pri:1, instance:com.qa.testscript.TC_MyntraShopping_001@5f2108b5]" name="getValidLoginData" duration-ms="21635" started-at="2021-05-04T13:21:30Z" data-provider="getValidLoginData" finished-at="2021-05-04T13:21:52Z">
          <params>
            <param index="0">
              <value>
                <![CDATA[6303341928]]>
              </value>
            </param>
            <param index="1">
              <value>
                <![CDATA[Kitkat@456]]>
              </value>
            </param>
          </params>
          <reporter-output>
            <line>
              <![CDATA[Logged in successful]]>
            </line>
          </reporter-output>
        </test-method> <!-- getValidLoginData -->
        <test-method status="PASS" signature="AddToCart(java.lang.String, java.lang.String)[pri:2, instance:com.qa.testscript.TC_MyntraShopping_001@5f2108b5]" name="AddToCart" duration-ms="32635" started-at="2021-05-04T13:21:53Z" data-provider="getShoppingData" finished-at="2021-05-04T13:22:25Z">
          <params>
            <param index="0">
              <value>
                <![CDATA[Pen]]>
              </value>
            </param>
            <param index="1">
              <value>
                <![CDATA[https://www.myntra.com/?src=bc]]>
              </value>
            </param>
          </params>
          <reporter-output>
            <line>
              <![CDATA[Window id is :CDwindow-AC756DAFB43432F22B2293EC0F2D46BD]]>
            </line>
            <line>
              <![CDATA[Window id is :CDwindow-367F25F509929A4557E11D3A038D998C]]>
            </line>
          </reporter-output>
        </test-method> <!-- AddToCart -->
        <test-method status="PASS" signature="AddToCart(java.lang.String, java.lang.String)[pri:2, instance:com.qa.testscript.TC_MyntraShopping_001@5f2108b5]" name="AddToCart" duration-ms="34342" started-at="2021-05-04T13:22:25Z" data-provider="getShoppingData" finished-at="2021-05-04T13:23:00Z">
          <params>
            <param index="0">
              <value>
                <![CDATA[Spice art]]>
              </value>
            </param>
            <param index="1">
              <value>
                <![CDATA[https://www.myntra.com/?src=bc]]>
              </value>
            </param>
          </params>
          <reporter-output>
            <line>
              <![CDATA[Window id is :CDwindow-AC756DAFB43432F22B2293EC0F2D46BD]]>
            </line>
            <line>
              <![CDATA[Window id is :CDwindow-367F25F509929A4557E11D3A038D998C]]>
            </line>
            <line>
              <![CDATA[Window id is :CDwindow-703B2C64642455B65CDBD8A1BDFDD5BA]]>
            </line>
          </reporter-output>
        </test-method> <!-- AddToCart -->
        <test-method status="PASS" signature="AddToCart(java.lang.String, java.lang.String)[pri:2, instance:com.qa.testscript.TC_MyntraShopping_001@5f2108b5]" name="AddToCart" duration-ms="32621" started-at="2021-05-04T13:23:00Z" data-provider="getShoppingData" finished-at="2021-05-04T13:23:32Z">
          <params>
            <param index="0">
              <value>
                <![CDATA[Flower vase]]>
              </value>
            </param>
            <param index="1">
              <value>
                <![CDATA[https://www.myntra.com/?src=bc]]>
              </value>
            </param>
          </params>
          <reporter-output>
            <line>
              <![CDATA[Window id is :CDwindow-AC756DAFB43432F22B2293EC0F2D46BD]]>
            </line>
            <line>
              <![CDATA[Window id is :CDwindow-367F25F509929A4557E11D3A038D998C]]>
            </line>
            <line>
              <![CDATA[Window id is :CDwindow-703B2C64642455B65CDBD8A1BDFDD5BA]]>
            </line>
            <line>
              <![CDATA[Window id is :CDwindow-CC42FA2BD34275374F8A9A68A5CDE42B]]>
            </line>
          </reporter-output>
        </test-method> <!-- AddToCart -->
        <test-method status="PASS" signature="BuyProductAndSignout()[pri:3, instance:com.qa.testscript.TC_MyntraShopping_001@5f2108b5]" name="BuyProductAndSignout" duration-ms="29443" started-at="2021-05-04T13:23:32Z" finished-at="2021-05-04T13:24:02Z">
          <reporter-output>
            <line>
              <![CDATA[5: Number of Items in cart]]>
            </line>
            <line>
              <![CDATA[Cart Items:  ]]>
            </line>
            <line>
              <![CDATA[Women Brown & Orange Snake Printed Fanny Pack]]>
            </line>
            <line>
              <![CDATA[Set of 3 White Ceramic Flower Vase]]>
            </line>
            <line>
              <![CDATA[Women Green & Orange Floral Printed Fanny Pack]]>
            </line>
            <line>
              <![CDATA[Silver-Toned & Black Classic Century Ball Point Pen With Gift Box]]>
            </line>
            <line>
              <![CDATA[Unisex Black Caviar FP-Med Nib Fountain Pen]]>
            </line>
            <line>
              <![CDATA[ Order placed and Signed out successfully]]>
            </line>
          </reporter-output>
        </test-method> <!-- BuyProductAndSignout -->
        <test-method status="PASS" signature="TearDown()[pri:0, instance:com.qa.testscript.TC_MyntraShopping_001@5f2108b5]" name="TearDown" is-config="true" duration-ms="1348" started-at="2021-05-04T13:24:02Z" finished-at="2021-05-04T13:24:03Z">
          <reporter-output>
          </reporter-output>
        </test-method> <!-- TearDown -->
      </class> <!-- com.qa.testscript.TC_MyntraShopping_001 -->
    </test> <!-- Test -->
  </suite> <!-- MyntraSuite -->
</testng-results>
