<?xml version="1.0" encoding="UTF-8"?>
<!-- Generated by org.testng.reporters.JUnitXMLReporter -->
<testsuite hostname="DESKTOP-ETJP85C" ignored="0" name="Test" tests="6" failures="2" timestamp="04 May 2021 03:38:59 GMT" time="31.322" errors="0">
  <testcase name="getValidLoginData" time="0.0" classname="com.qa.testscript.TC_MyntraShopping_001">
    <skipped/>
  </testcase> <!-- getValidLoginData -->
  <testcase name="AddToCart" time="0.0" classname="com.qa.testscript.TC_MyntraShopping_001">
    <skipped/>
  </testcase> <!-- AddToCart -->
  <testcase name="BuyProductAndSignout" time="18.181" classname="com.qa.testscript.TC_MyntraShopping_001">
    <failure type="org.openqa.selenium.WebDriverException" message="chrome not reachable
  (Session info: chrome=90.0.4430.93)
Build info: version: &amp;apos;3.141.59&amp;apos;, revision: &amp;apos;e82be7d358&amp;apos;, time: &amp;apos;2018-11-14T08:17:03&amp;apos;
System info: host: &amp;apos;DESKTOP-ETJP85C&amp;apos;, ip: &amp;apos;192.168.0.100&amp;apos;, os.name: &amp;apos;Windows 10&amp;apos;, os.arch: &amp;apos;amd64&amp;apos;, os.version: &amp;apos;10.0&amp;apos;, java.version: &amp;apos;1.8.0_281&amp;apos;
Driver info: org.openqa.selenium.chrome.ChromeDriver
Capabilities {acceptInsecureCerts: false, browserName: chrome, browserVersion: 90.0.4430.93, chrome: {chromedriverVersion: 89.0.4389.23 (61b08ee2c5002..., userDataDir: C:\Users\Pranaya\AppData\Lo...}, goog:chromeOptions: {debuggerAddress: localhost:57807}, javascriptEnabled: true, networkConnectionEnabled: false, pageLoadStrategy: normal, platform: WINDOWS, platformName: WINDOWS, proxy: Proxy(), setWindowRect: true, strictFileInteractability: false, timeouts: {implicit: 0, pageLoad: 300000, script: 30000}, unhandledPromptBehavior: dismiss and notify, webauthn:extension:largeBlob: true, webauthn:virtualAuthenticators: true}
Session ID: 05b39f44aa0a42508052b5a974c3a2d1
*** Element info: {Using=xpath, value=/html/body/div[1]/div[2]/div/div/div/div/div/div[2]/div[1]/div[5]/div/div/div/div/div[2]/div/div[1]/a }">
      <![CDATA[org.openqa.selenium.WebDriverException: chrome not reachable
  (Session info: chrome=90.0.4430.93)
Build info: version: '3.141.59', revision: 'e82be7d358', time: '2018-11-14T08:17:03'
System info: host: 'DESKTOP-ETJP85C', ip: '192.168.0.100', os.name: 'Windows 10', os.arch: 'amd64', os.version: '10.0', java.version: '1.8.0_281'
Driver info: org.openqa.selenium.chrome.ChromeDriver
Capabilities {acceptInsecureCerts: false, browserName: chrome, browserVersion: 90.0.4430.93, chrome: {chromedriverVersion: 89.0.4389.23 (61b08ee2c5002..., userDataDir: C:\Users\Pranaya\AppData\Lo...}, goog:chromeOptions: {debuggerAddress: localhost:57807}, javascriptEnabled: true, networkConnectionEnabled: false, pageLoadStrategy: normal, platform: WINDOWS, platformName: WINDOWS, proxy: Proxy(), setWindowRect: true, strictFileInteractability: false, timeouts: {implicit: 0, pageLoad: 300000, script: 30000}, unhandledPromptBehavior: dismiss and notify, webauthn:extension:largeBlob: true, webauthn:virtualAuthenticators: true}
Session ID: 05b39f44aa0a42508052b5a974c3a2d1
*** Element info: {Using=xpath, value=/html/body/div[1]/div[2]/div/div/div/div/div/div[2]/div[1]/div[5]/div/div/div/div/div[2]/div/div[1]/a }
at org.openqa.selenium.remote.http.W3CHttpResponseCodec.createException(W3CHttpResponseCodec.java:187)
at org.openqa.selenium.remote.http.W3CHttpResponseCodec.decode(W3CHttpResponseCodec.java:122)
at org.openqa.selenium.remote.http.W3CHttpResponseCodec.decode(W3CHttpResponseCodec.java:49)
at org.openqa.selenium.remote.HttpCommandExecutor.execute(HttpCommandExecutor.java:158)
at org.openqa.selenium.remote.service.DriverCommandExecutor.execute(DriverCommandExecutor.java:83)
at org.openqa.selenium.remote.RemoteWebDriver.execute(RemoteWebDriver.java:552)
at org.openqa.selenium.remote.RemoteWebDriver.findElements(RemoteWebDriver.java:353)
at org.openqa.selenium.remote.RemoteWebDriver.findElementsByXPath(RemoteWebDriver.java:432)
at org.openqa.selenium.By$ByXPath.findElements(By.java:348)
at org.openqa.selenium.remote.RemoteWebDriver.findElements(RemoteWebDriver.java:311)
at org.openqa.selenium.support.pagefactory.ByAll.findElements(ByAll.java:65)
at org.openqa.selenium.remote.RemoteWebDriver.findElements(RemoteWebDriver.java:311)
at org.openqa.selenium.support.pagefactory.DefaultElementLocator.findElements(DefaultElementLocator.java:85)
at org.openqa.selenium.support.pagefactory.internal.LocatingElementListHandler.invoke(LocatingElementListHandler.java:36)
at com.sun.proxy.$Proxy13.iterator(Unknown Source)
at com.qa.testscript.TC_MyntraShopping_001.BuyProductAndSignout(TC_MyntraShopping_001.java:113)
... Removed 29 stack frames]]>
    </failure>
  </testcase> <!-- BuyProductAndSignout -->
  <testcase name="Invalidlogin" time="0.0" classname="com.qa.testscript.TC_InvalidLogin_002">
    <skipped/>
  </testcase> <!-- Invalidlogin -->
  <testcase name="buyproduct" time="0.0" classname="com.qa.testscript.TC_InvalidLogin_002">
    <skipped/>
  </testcase> <!-- buyproduct -->
  <testcase name="BuyProductAndSignout" time="0.101" classname="com.qa.testscript.TC_InvalidLogin_002">
    <failure type="java.lang.AssertionError" message="expected [Username or Password should be correct] but found [false]">
      <![CDATA[java.lang.AssertionError: expected [Username or Password should be correct] but found [false]
at com.qa.testscript.TC_InvalidLogin_002.BuyProductAndSignout(TC_InvalidLogin_002.java:127)
... Removed 30 stack frames]]>
    </failure>
  </testcase> <!-- BuyProductAndSignout -->
</testsuite> <!-- Test -->
